<?xml version="1.0" encoding="UTF-8"?>
<!-- Generated by org.testng.reporters.JUnitXMLReporter -->
<testsuite hostname="DESKTOP-UMS68C0" ignored="0" name="Test" tests="12" failures="0" timestamp="2021-09-02T17:08:59 IST" time="0.061" errors="0">
  <testcase name="RestAPPITest01" time="0.008" classname="PMSMAVEN01.PMSUS.RestAPITEST"/>
  <testcase name="RestAPPITest02" time="0.001" classname="PMSMAVEN01.PMSUS.RestAPITEST"/>
  <testcase name="RestAPPITest03" time="0.001" classname="PMSMAVEN01.PMSUS.RestAPITEST"/>
  <testcase name="RestAPPITest04" time="0.001" classname="PMSMAVEN01.PMSUS.RestAPITEST"/>
  <testcase name="Selenium02" time="0.001" classname="PMSMAVEN01.PMSUS.Selenium01Test"/>
  <testcase name="Selenium03" time="0.001" classname="PMSMAVEN01.PMSUS.Selenium01Test"/>
  <testcase name="selenium01" time="0.0" classname="PMSMAVEN01.PMSUS.Selenium01Test"/>
  <testcase name="Appium01" time="0.001" classname="PMSMAVEN01.PMSUS.AppiumTest"/>
  <testcase name="Appium02" time="0.001" classname="PMSMAVEN01.PMSUS.AppiumTest"/>
  <testcase name="Appium03" time="0.0" classname="PMSMAVEN01.PMSUS.AppiumTest"/>
  <testcase name="Appium04" time="0.002" classname="PMSMAVEN01.PMSUS.AppiumTest"/>
  <testcase name="Sceondmethod" time="0.0" classname="PMSMAVEN01.PMSUS.SceonduserTest"/>
</testsuite> <!-- Test -->
