<?xml version="1.0" encoding="UTF-8"?>
<!-- Generated by org.testng.reporters.JUnitXMLReporter -->
<testsuite ignored="0" hostname="DESKTOP-UMS68C0" failures="0" tests="12" name="Test" time="0.114" errors="0" timestamp="2021-09-01T17:36:53 IST">
  <testcase classname="PMSMAVEN01.PMSUS.RestAPITEST" name="RestAPPITest01" time="0.014"/>
  <testcase classname="PMSMAVEN01.PMSUS.RestAPITEST" name="RestAPPITest02" time="0.002"/>
  <testcase classname="PMSMAVEN01.PMSUS.RestAPITEST" name="RestAPPITest03" time="0.002"/>
  <testcase classname="PMSMAVEN01.PMSUS.RestAPITEST" name="Selenium06" time="0.001"/>
  <testcase classname="PMSMAVEN01.PMSUS.Selenium01Test" name="Selenium02" time="0.0"/>
  <testcase classname="PMSMAVEN01.PMSUS.Selenium01Test" name="Selenium03" time="0.001"/>
  <testcase classname="PMSMAVEN01.PMSUS.Selenium01Test" name="Selenium04" time="0.001"/>
  <testcase classname="PMSMAVEN01.PMSUS.Selenium01Test" name="selenium01" time="0.001"/>
  <testcase classname="PMSMAVEN01.PMSUS.AppiumTest" name="Appium01" time="0.001"/>
  <testcase classname="PMSMAVEN01.PMSUS.AppiumTest" name="Appium02" time="0.001"/>
  <testcase classname="PMSMAVEN01.PMSUS.AppiumTest" name="Appium03" time="0.002"/>
  <testcase classname="PMSMAVEN01.PMSUS.AppiumTest" name="Selenium08" time="0.001"/>
</testsuite> <!-- Test -->
