<?xml version="1.0" encoding="UTF-8"?>
<!-- Generated by org.testng.reporters.JUnitXMLReporter -->
<testsuite ignored="0" hostname="DESKTOP-UMS68C0" failures="0" tests="6" name="Pro01" time="0.1" errors="0" timestamp="2021-03-10T14:21:33 IST">
  <testcase classname="PMSMAVEN01.PMSUS.RestAPITEST" name="RestAPPITest01" time="0.01"/>
  <testcase classname="PMSMAVEN01.PMSUS.RestAPITEST" name="RestAPPITest02" time="0.002"/>
  <testcase classname="PMSMAVEN01.PMSUS.Selenium01Test" name="Selenium02" time="0.002"/>
  <testcase classname="PMSMAVEN01.PMSUS.Selenium01Test" name="selenium01" time="0.002"/>
  <testcase classname="PMSMAVEN01.PMSUS.AppiumTest" name="Appium01" time="0.001"/>
  <testcase classname="PMSMAVEN01.PMSUS.AppiumTest" name="Appium02" time="0.001"/>
</testsuite> <!-- Pro01 -->
