<?xml version="1.0" encoding="UTF-8"?>
<testng-results ignored="0" total="13" passed="13" failed="0" skipped="0">
  <reporter-output>
  </reporter-output>
  <suite started-at="2021-09-02T17:20:38 IST" name="Suite" finished-at="2021-09-02T17:20:38 IST" duration-ms="107">
    <groups>
    </groups>
    <test started-at="2021-09-02T17:20:38 IST" name="Test" finished-at="2021-09-02T17:20:38 IST" duration-ms="107">
      <class name="PMSMAVEN01.PMSUS.Selenium01Test">
        <test-method signature="Selenium02()[pri:0, instance:PMSMAVEN01.PMSUS.Selenium01Test@2473d930]" started-at="2021-09-02T17:20:38 IST" name="Selenium02" finished-at="2021-09-02T17:20:38 IST" duration-ms="1" status="PASS">
          <reporter-output>
          </reporter-output>
        </test-method> <!-- Selenium02 -->
        <test-method signature="Selenium03()[pri:0, instance:PMSMAVEN01.PMSUS.Selenium01Test@2473d930]" started-at="2021-09-02T17:20:38 IST" name="Selenium03" finished-at="2021-09-02T17:20:38 IST" duration-ms="1" status="PASS">
          <reporter-output>
          </reporter-output>
        </test-method> <!-- Selenium03 -->
        <test-method signature="selenium01()[pri:0, instance:PMSMAVEN01.PMSUS.Selenium01Test@2473d930]" started-at="2021-09-02T17:20:38 IST" name="selenium01" finished-at="2021-09-02T17:20:38 IST" duration-ms="1" status="PASS">
          <reporter-output>
          </reporter-output>
        </test-method> <!-- selenium01 -->
      </class> <!-- PMSMAVEN01.PMSUS.Selenium01Test -->
      <class name="PMSMAVEN01.PMSUS.AppiumTest">
        <test-method signature="Appium01()[pri:0, instance:PMSMAVEN01.PMSUS.AppiumTest@35047d03]" started-at="2021-09-02T17:20:38 IST" name="Appium01" finished-at="2021-09-02T17:20:38 IST" duration-ms="1" status="PASS">
          <reporter-output>
          </reporter-output>
        </test-method> <!-- Appium01 -->
        <test-method signature="Appium02()[pri:0, instance:PMSMAVEN01.PMSUS.AppiumTest@35047d03]" started-at="2021-09-02T17:20:38 IST" name="Appium02" finished-at="2021-09-02T17:20:38 IST" duration-ms="1" status="PASS">
          <reporter-output>
          </reporter-output>
        </test-method> <!-- Appium02 -->
        <test-method signature="Appium03()[pri:0, instance:PMSMAVEN01.PMSUS.AppiumTest@35047d03]" started-at="2021-09-02T17:20:38 IST" name="Appium03" finished-at="2021-09-02T17:20:38 IST" duration-ms="1" status="PASS">
          <reporter-output>
          </reporter-output>
        </test-method> <!-- Appium03 -->
        <test-method signature="Appium04()[pri:0, instance:PMSMAVEN01.PMSUS.AppiumTest@35047d03]" started-at="2021-09-02T17:20:38 IST" name="Appium04" finished-at="2021-09-02T17:20:38 IST" duration-ms="0" status="PASS">
          <reporter-output>
          </reporter-output>
        </test-method> <!-- Appium04 -->
      </class> <!-- PMSMAVEN01.PMSUS.AppiumTest -->
      <class name="PMSMAVEN01.PMSUS.SceonduserTest">
        <test-method signature="Sceondmethod()[pri:0, instance:PMSMAVEN01.PMSUS.SceonduserTest@49b0b76]" started-at="2021-09-02T17:20:38 IST" name="Sceondmethod" finished-at="2021-09-02T17:20:38 IST" duration-ms="1" status="PASS">
          <reporter-output>
          </reporter-output>
        </test-method> <!-- Sceondmethod -->
        <test-method signature="Sceondmethod01()[pri:0, instance:PMSMAVEN01.PMSUS.SceonduserTest@49b0b76]" started-at="2021-09-02T17:20:38 IST" name="Sceondmethod01" finished-at="2021-09-02T17:20:38 IST" duration-ms="1" status="PASS">
          <reporter-output>
          </reporter-output>
        </test-method> <!-- Sceondmethod01 -->
      </class> <!-- PMSMAVEN01.PMSUS.SceonduserTest -->
      <class name="PMSMAVEN01.PMSUS.RestAPITEST">
        <test-method signature="RestAPPITest01()[pri:0, instance:PMSMAVEN01.PMSUS.RestAPITEST@76908cc0]" started-at="2021-09-02T17:20:38 IST" name="RestAPPITest01" finished-at="2021-09-02T17:20:38 IST" duration-ms="11" status="PASS">
          <reporter-output>
          </reporter-output>
        </test-method> <!-- RestAPPITest01 -->
        <test-method signature="RestAPPITest02()[pri:0, instance:PMSMAVEN01.PMSUS.RestAPITEST@76908cc0]" started-at="2021-09-02T17:20:38 IST" name="RestAPPITest02" finished-at="2021-09-02T17:20:38 IST" duration-ms="1" status="PASS">
          <reporter-output>
          </reporter-output>
        </test-method> <!-- RestAPPITest02 -->
        <test-method signature="RestAPPITest03()[pri:0, instance:PMSMAVEN01.PMSUS.RestAPITEST@76908cc0]" started-at="2021-09-02T17:20:38 IST" name="RestAPPITest03" finished-at="2021-09-02T17:20:38 IST" duration-ms="2" status="PASS">
          <reporter-output>
          </reporter-output>
        </test-method> <!-- RestAPPITest03 -->
        <test-method signature="RestAPPITest04()[pri:0, instance:PMSMAVEN01.PMSUS.RestAPITEST@76908cc0]" started-at="2021-09-02T17:20:38 IST" name="RestAPPITest04" finished-at="2021-09-02T17:20:38 IST" duration-ms="2" status="PASS">
          <reporter-output>
          </reporter-output>
        </test-method> <!-- RestAPPITest04 -->
      </class> <!-- PMSMAVEN01.PMSUS.RestAPITEST -->
    </test> <!-- Test -->
  </suite> <!-- Suite -->
</testng-results>
